AA/app/build/intermediates/manifest_merge_blame_file/debug/manifest-merger-blame-debug-report.txt
1<?xml version="1.0" encoding="utf-8"?>
2<manifest xmlns:android="http://schemas.android.com/apk/res/android"
3    package="org.adaway"
4    android:versionCode="60100"
5    android:versionName="6.1.0" >
6
7    <uses-sdk
8        android:minSdkVersion="26"
8-->src\main\AndroidManifest.xml
9        android:targetSdkVersion="33" />
9-->src\main\AndroidManifest.xml
10
11    <uses-feature
11-->src\main\AndroidManifest.xml:5:5-7:36
12        android:name="android.hardware.touchscreen"
12-->src\main\AndroidManifest.xml:6:9-52
13        android:required="false" />
13-->src\main\AndroidManifest.xml:7:9-33
14    <uses-feature
14-->src\main\AndroidManifest.xml:8:5-10:36
15        android:name="android.hardware.telephony"
15-->src\main\AndroidManifest.xml:9:9-50
16        android:required="false" />
16-->src\main\AndroidManifest.xml:10:9-33
17
18    <permission-group
18-->src\main\AndroidManifest.xml:12:5-15:62
19        android:name="org.adaway.permission-group.API"
19-->src\main\AndroidManifest.xml:13:9-55
20        android:description="@string/permission_group_api_description"
20-->src\main\AndroidManifest.xml:14:9-71
21        android:label="@string/permission_group_api_label" />
21-->src\main\AndroidManifest.xml:15:9-59
22
23    <permission
23-->src\main\AndroidManifest.xml:17:5-22:47
24        android:name="org.adaway.permission.SEND_COMMAND"
24-->src\main\AndroidManifest.xml:18:9-58
25        android:description="@string/permission_send_command_description"
25-->src\main\AndroidManifest.xml:19:9-74
26        android:label="@string/permission_send_command_label"
26-->src\main\AndroidManifest.xml:20:9-62
27        android:permissionGroup="org.adaway.permission-group.API"
27-->src\main\AndroidManifest.xml:21:9-66
28        android:protectionLevel="dangerous" />
28-->src\main\AndroidManifest.xml:22:9-44
29
30    <supports-screens
30-->src\main\AndroidManifest.xml:24:5-29:40
31        android:anyDensity="true"
31-->src\main\AndroidManifest.xml:25:9-34
32        android:largeScreens="true"
32-->src\main\AndroidManifest.xml:26:9-36
33        android:normalScreens="true"
33-->src\main\AndroidManifest.xml:27:9-37
34        android:smallScreens="true"
34-->src\main\AndroidManifest.xml:28:9-36
35        android:xlargeScreens="true" />
35-->src\main\AndroidManifest.xml:29:9-37
36
37    <uses-permission android:name="android.permission.INTERNET" />
37-->src\main\AndroidManifest.xml:31:5-67
37-->src\main\AndroidManifest.xml:31:22-64
38    <uses-permission android:name="android.permission.ACCESS_NETWORK_STATE" />
38-->src\main\AndroidManifest.xml:32:5-79
38-->src\main\AndroidManifest.xml:32:22-76
39    <uses-permission android:name="android.permission.RECEIVE_BOOT_COMPLETED" />
39-->src\main\AndroidManifest.xml:33:5-81
39-->src\main\AndroidManifest.xml:33:22-78
40    <uses-permission android:name="android.permission.FOREGROUND_SERVICE" />
40-->src\main\AndroidManifest.xml:34:5-77
40-->src\main\AndroidManifest.xml:34:22-74
41    <uses-permission android:name="android.permission.POST_NOTIFICATIONS" />
41-->src\main\AndroidManifest.xml:35:5-77
41-->src\main\AndroidManifest.xml:35:22-74
42    <uses-permission android:name="android.permission.REQUEST_INSTALL_PACKAGES" />
42-->src\main\AndroidManifest.xml:36:5-83
42-->src\main\AndroidManifest.xml:36:22-80
43    <uses-permission android:name="android.permission.QUERY_ALL_PACKAGES" />
43-->src\main\AndroidManifest.xml:37:5-39:53
43-->src\main\AndroidManifest.xml:38:9-61
44    <uses-permission android:name="android.permission.WAKE_LOCK" />
44-->[androidx.work:work-runtime:2.7.1] AndroidManifest.xml:25:5-68
44-->[androidx.work:work-runtime:2.7.1] AndroidManifest.xml:25:22-65
45
46    <permission
46-->[androidx.core:core:1.9.0] AndroidManifest.xml:22:5-24:47
47        android:name="org.adaway.DYNAMIC_RECEIVER_NOT_EXPORTED_PERMISSION"
47-->[androidx.core:core:1.9.0] AndroidManifest.xml:23:9-81
48        android:protectionLevel="signature" />
48-->[androidx.core:core:1.9.0] AndroidManifest.xml:24:9-44
49
50    <uses-permission android:name="org.adaway.DYNAMIC_RECEIVER_NOT_EXPORTED_PERMISSION" />
50-->[androidx.core:core:1.9.0] AndroidManifest.xml:26:5-97
50-->[androidx.core:core:1.9.0] AndroidManifest.xml:26:22-94
51
52    <application
52-->src\main\AndroidManifest.xml:41:5-175:19
53        android:name="org.adaway.AdAwayApplication"
53-->src\main\AndroidManifest.xml:42:9-42
54        android:allowBackup="true"
54-->src\main\AndroidManifest.xml:43:9-35
55        android:appComponentFactory="androidx.core.app.CoreComponentFactory"
55-->[androidx.core:core:1.9.0] AndroidManifest.xml:28:18-86
56        android:backupAgent="org.adaway.model.backup.AppBackupAgent"
56-->src\main\AndroidManifest.xml:44:9-59
57        android:debuggable="true"
58        android:extractNativeLibs="true"
58-->src\main\AndroidManifest.xml:45:9-41
59        android:fullBackupOnly="false"
59-->src\main\AndroidManifest.xml:46:9-39
60        android:icon="@mipmap/icon"
60-->src\main\AndroidManifest.xml:47:9-36
61        android:label="@string/app_name"
61-->src\main\AndroidManifest.xml:48:9-41
62        android:networkSecurityConfig="@xml/network_security_config"
62-->src\main\AndroidManifest.xml:49:9-69
63        android:supportsRtl="true"
63-->src\main\AndroidManifest.xml:50:9-35
64        android:theme="@style/Theme.AdAway" >
64-->src\main\AndroidManifest.xml:51:9-44
65        <activity
65-->src\main\AndroidManifest.xml:53:9-65:20
66            android:name="org.adaway.ui.home.HomeActivity"
66-->src\main\AndroidManifest.xml:54:13-49
67            android:exported="true"
67-->src\main\AndroidManifest.xml:55:13-36
68            android:launchMode="singleTop"
68-->src\main\AndroidManifest.xml:56:13-43
69            android:theme="@style/Theme.AdAway.NoActionBar" >
69-->src\main\AndroidManifest.xml:57:13-60
70            <intent-filter>
70-->src\main\AndroidManifest.xml:58:13-61:29
71                <action android:name="android.intent.action.MAIN" />
71-->src\main\AndroidManifest.xml:59:17-69
71-->src\main\AndroidManifest.xml:59:25-66
72
73                <category android:name="android.intent.category.LAUNCHER" />
73-->src\main\AndroidManifest.xml:60:17-77
73-->src\main\AndroidManifest.xml:60:27-74
74            </intent-filter>
75
76            <meta-data
76-->src\main\AndroidManifest.xml:62:13-64:53
77                android:name="android.app.shortcuts"
77-->src\main\AndroidManifest.xml:63:17-53
78                android:resource="@xml/shortcuts" />
78-->src\main\AndroidManifest.xml:64:17-50
79        </activity>
80        <activity
80-->src\main\AndroidManifest.xml:66:9-71:67
81            android:name="org.adaway.ui.welcome.WelcomeActivity"
81-->src\main\AndroidManifest.xml:67:13-55
82            android:exported="false"
82-->src\main\AndroidManifest.xml:68:13-37
83            android:label="@string/welcome_title"
83-->src\main\AndroidManifest.xml:69:13-50
84            android:parentActivityName="org.adaway.ui.home.HomeActivity"
84-->src\main\AndroidManifest.xml:70:13-63
85            android:theme="@style/Theme.AdAway.NoActionBar.Red" />
85-->src\main\AndroidManifest.xml:71:13-64
86        <activity
86-->src\main\AndroidManifest.xml:72:9-76:66
87            android:name="org.adaway.ui.hosts.HostsSourcesActivity"
87-->src\main\AndroidManifest.xml:73:13-58
88            android:exported="false"
88-->src\main\AndroidManifest.xml:74:13-37
89            android:label="@string/hosts_title"
89-->src\main\AndroidManifest.xml:75:13-48
90            android:parentActivityName="org.adaway.ui.home.HomeActivity" />
90-->src\main\AndroidManifest.xml:76:13-63
91        <activity
91-->src\main\AndroidManifest.xml:77:9-81:75
92            android:name="org.adaway.ui.source.SourceEditActivity"
92-->src\main\AndroidManifest.xml:78:13-57
93            android:exported="false"
93-->src\main\AndroidManifest.xml:79:13-37
94            android:label="@string/source_edit_title"
94-->src\main\AndroidManifest.xml:80:13-54
95            android:parentActivityName="org.adaway.ui.hosts.HostsSourcesActivity" />
95-->src\main\AndroidManifest.xml:81:13-72
96        <activity
96-->src\main\AndroidManifest.xml:82:9-85:66
97            android:name="org.adaway.ui.log.LogActivity"
97-->src\main\AndroidManifest.xml:83:13-47
98            android:label="@string/shortcut_dns_requests"
98-->src\main\AndroidManifest.xml:84:13-58
99            android:parentActivityName="org.adaway.ui.home.HomeActivity" />
99-->src\main\AndroidManifest.xml:85:13-63
100        <activity
100-->src\main\AndroidManifest.xml:86:9-98:20
101            android:name="org.adaway.ui.lists.ListsActivity"
101-->src\main\AndroidManifest.xml:87:13-51
102            android:exported="false"
102-->src\main\AndroidManifest.xml:88:13-37
103            android:label="@string/lists_title"
103-->src\main\AndroidManifest.xml:89:13-48
104            android:launchMode="singleTop"
104-->src\main\AndroidManifest.xml:90:13-43
105            android:parentActivityName="org.adaway.ui.home.HomeActivity" >
105-->src\main\AndroidManifest.xml:91:13-63
106            <meta-data
106-->src\main\AndroidManifest.xml:92:13-94:59
107                android:name="android.app.searchable"
107-->src\main\AndroidManifest.xml:93:17-54
108                android:resource="@xml/list_searchable" />
108-->src\main\AndroidManifest.xml:94:17-56
109
110            <intent-filter>
110-->src\main\AndroidManifest.xml:95:13-97:29
111                <action android:name="android.intent.action.SEARCH" />
111-->src\main\AndroidManifest.xml:96:17-71
111-->src\main\AndroidManifest.xml:96:25-68
112            </intent-filter>
113        </activity>
114        <activity
114-->src\main\AndroidManifest.xml:99:9-103:66
115            android:name="org.adaway.ui.help.HelpActivity"
115-->src\main\AndroidManifest.xml:100:13-49
116            android:exported="false"
116-->src\main\AndroidManifest.xml:101:13-37
117            android:label="@string/menu_help"
117-->src\main\AndroidManifest.xml:102:13-46
118            android:parentActivityName="org.adaway.ui.home.HomeActivity" />
118-->src\main\AndroidManifest.xml:103:13-63
119        <activity
119-->src\main\AndroidManifest.xml:104:9-109:67
120            android:name="org.adaway.ui.support.SupportActivity"
120-->src\main\AndroidManifest.xml:105:13-55
121            android:exported="false"
121-->src\main\AndroidManifest.xml:106:13-37
122            android:label="@string/support_title"
122-->src\main\AndroidManifest.xml:107:13-50
123            android:parentActivityName="org.adaway.ui.home.HomeActivity"
123-->src\main\AndroidManifest.xml:108:13-63
124            android:theme="@style/Theme.AdAway.NoActionBar.Red" />
124-->src\main\AndroidManifest.xml:109:13-64
125        <activity
125-->src\main\AndroidManifest.xml:110:9-114:66
126            android:name="org.adaway.ui.prefs.PrefsActivity"
126-->src\main\AndroidManifest.xml:111:13-51
127            android:exported="false"
127-->src\main\AndroidManifest.xml:112:13-37
128            android:label="@string/preferences_drawer_item"
128-->src\main\AndroidManifest.xml:113:13-60
129            android:parentActivityName="org.adaway.ui.home.HomeActivity" />
129-->src\main\AndroidManifest.xml:114:13-63
130        <activity
130-->src\main\AndroidManifest.xml:115:9-118:75
131            android:name="org.adaway.ui.prefs.exclusion.PrefsVpnExcludedAppsActivity"
131-->src\main\AndroidManifest.xml:116:13-76
132            android:exported="false"
132-->src\main\AndroidManifest.xml:117:13-37
133            android:label="@string/pref_vpn_exclude_user_apps_activity" />
133-->src\main\AndroidManifest.xml:118:13-72
134        <activity
134-->src\main\AndroidManifest.xml:119:9-124:67
135            android:name="org.adaway.ui.update.UpdateActivity"
135-->src\main\AndroidManifest.xml:120:13-53
136            android:exported="false"
136-->src\main\AndroidManifest.xml:121:13-37
137            android:label="@string/update_title"
137-->src\main\AndroidManifest.xml:122:13-49
138            android:parentActivityName="org.adaway.ui.home.HomeActivity"
138-->src\main\AndroidManifest.xml:123:13-63
139            android:theme="@style/Theme.AdAway.NoActionBar.Red" />
139-->src\main\AndroidManifest.xml:124:13-64
140
141        <service
141-->src\main\AndroidManifest.xml:126:9-133:19
142            android:name="org.adaway.vpn.VpnService"
142-->src\main\AndroidManifest.xml:127:13-43
143            android:exported="true"
143-->src\main\AndroidManifest.xml:128:13-36
144            android:permission="android.permission.BIND_VPN_SERVICE" >
144-->src\main\AndroidManifest.xml:129:13-69
145            <intent-filter>
145-->src\main\AndroidManifest.xml:130:13-132:29
146                <action android:name="android.net.VpnService" />
146-->src\main\AndroidManifest.xml:131:17-65
146-->src\main\AndroidManifest.xml:131:25-62
147            </intent-filter>
148        </service>
149        <service
149-->src\main\AndroidManifest.xml:135:9-144:19
150            android:name="org.adaway.tile.AdBlockingTileService"
150-->src\main\AndroidManifest.xml:136:13-55
151            android:exported="true"
151-->src\main\AndroidManifest.xml:137:13-36
152            android:icon="@drawable/logo"
152-->src\main\AndroidManifest.xml:138:13-42
153            android:label="@string/app_name"
153-->src\main\AndroidManifest.xml:139:13-45
154            android:permission="android.permission.BIND_QUICK_SETTINGS_TILE" >
154-->src\main\AndroidManifest.xml:140:13-77
155            <intent-filter>
155-->src\main\AndroidManifest.xml:141:13-143:29
156                <action android:name="android.service.quicksettings.action.QS_TILE" />
156-->src\main\AndroidManifest.xml:142:17-87
156-->src\main\AndroidManifest.xml:142:25-84
157            </intent-filter>
158        </service>
159
160        <receiver
160-->src\main\AndroidManifest.xml:146:9-152:20
161            android:name="org.adaway.broadcast.BootReceiver"
161-->src\main\AndroidManifest.xml:147:13-51
162            android:exported="true" >
162-->src\main\AndroidManifest.xml:148:13-36
163            <intent-filter>
163-->src\main\AndroidManifest.xml:149:13-151:29
164                <action android:name="android.intent.action.BOOT_COMPLETED" />
164-->src\main\AndroidManifest.xml:150:17-79
164-->src\main\AndroidManifest.xml:150:25-76
165            </intent-filter>
166        </receiver>
167        <receiver
167-->src\main\AndroidManifest.xml:153:9-160:20
168            android:name="org.adaway.broadcast.CommandReceiver"
168-->src\main\AndroidManifest.xml:154:13-54
169            android:exported="true"
169-->src\main\AndroidManifest.xml:155:13-36
170            android:permission="org.adaway.permission.SEND_COMMAND" >
170-->src\main\AndroidManifest.xml:156:13-68
171            <intent-filter>
171-->src\main\AndroidManifest.xml:157:13-159:29
172                <action android:name="org.adaway.action.SEND_COMMAND" />
172-->src\main\AndroidManifest.xml:158:17-73
172-->src\main\AndroidManifest.xml:158:25-70
173            </intent-filter>
174        </receiver>
175        <receiver
175-->src\main\AndroidManifest.xml:161:9-167:20
176            android:name="org.adaway.broadcast.UpdateReceiver"
176-->src\main\AndroidManifest.xml:162:13-53
177            android:exported="true" >
177-->src\main\AndroidManifest.xml:163:13-36
178            <intent-filter>
178-->src\main\AndroidManifest.xml:164:13-166:29
179                <action android:name="android.intent.action.MY_PACKAGE_REPLACED" />
179-->src\main\AndroidManifest.xml:165:17-84
179-->src\main\AndroidManifest.xml:165:25-81
180            </intent-filter>
181        </receiver>
182
183        <meta-data
183-->src\main\AndroidManifest.xml:169:9-171:37
184            android:name="io.sentry.auto-init"
184-->src\main\AndroidManifest.xml:170:13-47
185            android:value="false" />
185-->src\main\AndroidManifest.xml:171:13-34
186        <meta-data
186-->src\main\AndroidManifest.xml:172:9-174:105
187            android:name="io.sentry.dsn"
187-->src\main\AndroidManifest.xml:173:13-41
188            android:value="https://8dac17b798fb45e492278a678c5ab028@o209266.ingest.sentry.io/1331667" />
188-->src\main\AndroidManifest.xml:174:13-102
189
190        <provider
190-->[androidx.work:work-runtime:2.7.1] AndroidManifest.xml:31:9-39:20
191            android:name="androidx.startup.InitializationProvider"
191-->[androidx.work:work-runtime:2.7.1] AndroidManifest.xml:32:13-67
192            android:authorities="org.adaway.androidx-startup"
192-->[androidx.work:work-runtime:2.7.1] AndroidManifest.xml:33:13-68
193            android:exported="false" >
193-->[androidx.work:work-runtime:2.7.1] AndroidManifest.xml:34:13-37
194            <meta-data
194-->[androidx.work:work-runtime:2.7.1] AndroidManifest.xml:36:13-38:52
195                android:name="androidx.work.WorkManagerInitializer"
195-->[androidx.work:work-runtime:2.7.1] AndroidManifest.xml:37:17-68
196                android:value="androidx.startup" />
196-->[androidx.work:work-runtime:2.7.1] AndroidManifest.xml:38:17-49
197            <meta-data
197-->[androidx.emoji2:emoji2:1.2.0] AndroidManifest.xml:29:13-31:52
198                android:name="androidx.emoji2.text.EmojiCompatInitializer"
198-->[androidx.emoji2:emoji2:1.2.0] AndroidManifest.xml:30:17-75
199                android:value="androidx.startup" />
199-->[androidx.emoji2:emoji2:1.2.0] AndroidManifest.xml:31:17-49
200            <meta-data
200-->[androidx.lifecycle:lifecycle-process:2.4.1] AndroidManifest.xml:31:13-33:52
201                android:name="androidx.lifecycle.ProcessLifecycleInitializer"
201-->[androidx.lifecycle:lifecycle-process:2.4.1] AndroidManifest.xml:32:17-78
202                android:value="androidx.startup" />
202-->[androidx.lifecycle:lifecycle-process:2.4.1] AndroidManifest.xml:33:17-49
203        </provider>
204
205        <service
205-->[androidx.work:work-runtime:2.7.1] AndroidManifest.xml:41:9-46:35
206            android:name="androidx.work.impl.background.systemalarm.SystemAlarmService"
206-->[androidx.work:work-runtime:2.7.1] AndroidManifest.xml:42:13-88
207            android:directBootAware="false"
207-->[androidx.work:work-runtime:2.7.1] AndroidManifest.xml:43:13-44
208            android:enabled="@bool/enable_system_alarm_service_default"
208-->[androidx.work:work-runtime:2.7.1] AndroidManifest.xml:44:13-72
209            android:exported="false" />
209-->[androidx.work:work-runtime:2.7.1] AndroidManifest.xml:45:13-37
210        <service
210-->[androidx.work:work-runtime:2.7.1] AndroidManifest.xml:47:9-53:35
211            android:name="androidx.work.impl.background.systemjob.SystemJobService"
211-->[androidx.work:work-runtime:2.7.1] AndroidManifest.xml:48:13-84
212            android:directBootAware="false"
212-->[androidx.work:work-runtime:2.7.1] AndroidManifest.xml:49:13-44
213            android:enabled="@bool/enable_system_job_service_default"
213-->[androidx.work:work-runtime:2.7.1] AndroidManifest.xml:50:13-70
214            android:exported="true"
214-->[androidx.work:work-runtime:2.7.1] AndroidManifest.xml:51:13-36
215            android:permission="android.permission.BIND_JOB_SERVICE" />
215-->[androidx.work:work-runtime:2.7.1] AndroidManifest.xml:52:13-69
216        <service
216-->[androidx.work:work-runtime:2.7.1] AndroidManifest.xml:54:9-59:35
217            android:name="androidx.work.impl.foreground.SystemForegroundService"
217-->[androidx.work:work-runtime:2.7.1] AndroidManifest.xml:55:13-81
218            android:directBootAware="false"
218-->[androidx.work:work-runtime:2.7.1] AndroidManifest.xml:56:13-44
219            android:enabled="@bool/enable_system_foreground_service_default"
219-->[androidx.work:work-runtime:2.7.1] AndroidManifest.xml:57:13-77
220            android:exported="false" />
220-->[androidx.work:work-runtime:2.7.1] AndroidManifest.xml:58:13-37
221
222        <receiver
222-->[androidx.work:work-runtime:2.7.1] AndroidManifest.xml:61:9-66:35
223            android:name="androidx.work.impl.utils.ForceStopRunnable$BroadcastReceiver"
223-->[androidx.work:work-runtime:2.7.1] AndroidManifest.xml:62:13-88
224            android:directBootAware="false"
224-->[androidx.work:work-runtime:2.7.1] AndroidManifest.xml:63:13-44
225            android:enabled="true"
225-->[androidx.work:work-runtime:2.7.1] AndroidManifest.xml:64:13-35
226            android:exported="false" />
226-->[androidx.work:work-runtime:2.7.1] AndroidManifest.xml:65:13-37
227        <receiver
227-->[androidx.work:work-runtime:2.7.1] AndroidManifest.xml:67:9-77:20
228            android:name="androidx.work.impl.background.systemalarm.ConstraintProxy$BatteryChargingProxy"
228-->[androidx.work:work-runtime:2.7.1] AndroidManifest.xml:68:13-106
229            android:directBootAware="false"
229-->[androidx.work:work-runtime:2.7.1] AndroidManifest.xml:69:13-44
230            android:enabled="false"
230-->[androidx.work:work-runtime:2.7.1] AndroidManifest.xml:70:13-36
231            android:exported="false" >
231-->[androidx.work:work-runtime:2.7.1] AndroidManifest.xml:71:13-37
232            <intent-filter>
232-->[androidx.work:work-runtime:2.7.1] AndroidManifest.xml:73:13-76:29
233                <action android:name="android.intent.action.ACTION_POWER_CONNECTED" />
233-->[androidx.work:work-runtime:2.7.1] AndroidManifest.xml:74:17-87
233-->[androidx.work:work-runtime:2.7.1] AndroidManifest.xml:74:25-84
234                <action android:name="android.intent.action.ACTION_POWER_DISCONNECTED" />
234-->[androidx.work:work-runtime:2.7.1] AndroidManifest.xml:75:17-90
234-->[androidx.work:work-runtime:2.7.1] AndroidManifest.xml:75:25-87
235            </intent-filter>
236        </receiver>
237        <receiver
237-->[androidx.work:work-runtime:2.7.1] AndroidManifest.xml:78:9-88:20
238            android:name="androidx.work.impl.background.systemalarm.ConstraintProxy$BatteryNotLowProxy"
238-->[androidx.work:work-runtime:2.7.1] AndroidManifest.xml:79:13-104
239            android:directBootAware="false"
239-->[androidx.work:work-runtime:2.7.1] AndroidManifest.xml:80:13-44
240            android:enabled="false"
240-->[androidx.work:work-runtime:2.7.1] AndroidManifest.xml:81:13-36
241            android:exported="false" >
241-->[androidx.work:work-runtime:2.7.1] AndroidManifest.xml:82:13-37
242            <intent-filter>
242-->[androidx.work:work-runtime:2.7.1] AndroidManifest.xml:84:13-87:29
243                <action android:name="android.intent.action.BATTERY_OKAY" />
243-->[androidx.work:work-runtime:2.7.1] AndroidManifest.xml:85:17-77
243-->[androidx.work:work-runtime:2.7.1] AndroidManifest.xml:85:25-74
244                <action android:name="android.intent.action.BATTERY_LOW" />
244-->[androidx.work:work-runtime:2.7.1] AndroidManifest.xml:86:17-76
244-->[androidx.work:work-runtime:2.7.1] AndroidManifest.xml:86:25-73
245            </intent-filter>
246        </receiver>
247        <receiver
247-->[androidx.work:work-runtime:2.7.1] AndroidManifest.xml:89:9-99:20
248            android:name="androidx.work.impl.background.systemalarm.ConstraintProxy$StorageNotLowProxy"
248-->[androidx.work:work-runtime:2.7.1] AndroidManifest.xml:90:13-104
249            android:directBootAware="false"
249-->[androidx.work:work-runtime:2.7.1] AndroidManifest.xml:91:13-44
250            android:enabled="false"
250-->[androidx.work:work-runtime:2.7.1] AndroidManifest.xml:92:13-36
251            android:exported="false" >
251-->[androidx.work:work-runtime:2.7.1] AndroidManifest.xml:93:13-37
252            <intent-filter>
252-->[androidx.work:work-runtime:2.7.1] AndroidManifest.xml:95:13-98:29
253                <action android:name="android.intent.action.DEVICE_STORAGE_LOW" />
253-->[androidx.work:work-runtime:2.7.1] AndroidManifest.xml:96:17-83
253-->[androidx.work:work-runtime:2.7.1] AndroidManifest.xml:96:25-80
254                <action android:name="android.intent.action.DEVICE_STORAGE_OK" />
254-->[androidx.work:work-runtime:2.7.1] AndroidManifest.xml:97:17-82
254-->[androidx.work:work-runtime:2.7.1] AndroidManifest.xml:97:25-79
255            </intent-filter>
256        </receiver>
257        <receiver
257-->[androidx.work:work-runtime:2.7.1] AndroidManifest.xml:100:9-109:20
258            android:name="androidx.work.impl.background.systemalarm.ConstraintProxy$NetworkStateProxy"
258-->[androidx.work:work-runtime:2.7.1] AndroidManifest.xml:101:13-103
259            android:directBootAware="false"
259-->[androidx.work:work-runtime:2.7.1] AndroidManifest.xml:102:13-44
260            android:enabled="false"
260-->[androidx.work:work-runtime:2.7.1] AndroidManifest.xml:103:13-36
261            android:exported="false" >
261-->[androidx.work:work-runtime:2.7.1] AndroidManifest.xml:104:13-37
262            <intent-filter>
262-->[androidx.work:work-runtime:2.7.1] AndroidManifest.xml:106:13-108:29
263                <action android:name="android.net.conn.CONNECTIVITY_CHANGE" />
263-->[androidx.work:work-runtime:2.7.1] AndroidManifest.xml:107:17-79
263-->[androidx.work:work-runtime:2.7.1] AndroidManifest.xml:107:25-76
264            </intent-filter>
265        </receiver>
266        <receiver
266-->[androidx.work:work-runtime:2.7.1] AndroidManifest.xml:110:9-121:20
267            android:name="androidx.work.impl.background.systemalarm.RescheduleReceiver"
267-->[androidx.work:work-runtime:2.7.1] AndroidManifest.xml:111:13-88
268            android:directBootAware="false"
268-->[androidx.work:work-runtime:2.7.1] AndroidManifest.xml:112:13-44
269            android:enabled="false"
269-->[androidx.work:work-runtime:2.7.1] AndroidManifest.xml:113:13-36
270            android:exported="false" >
270-->[androidx.work:work-runtime:2.7.1] AndroidManifest.xml:114:13-37
271            <intent-filter>
271-->[androidx.work:work-runtime:2.7.1] AndroidManifest.xml:116:13-120:29
272                <action android:name="android.intent.action.BOOT_COMPLETED" />
272-->src\main\AndroidManifest.xml:150:17-79
272-->src\main\AndroidManifest.xml:150:25-76
273                <action android:name="android.intent.action.TIME_SET" />
273-->[androidx.work:work-runtime:2.7.1] AndroidManifest.xml:118:17-73
273-->[androidx.work:work-runtime:2.7.1] AndroidManifest.xml:118:25-70
274                <action android:name="android.intent.action.TIMEZONE_CHANGED" />
274-->[androidx.work:work-runtime:2.7.1] AndroidManifest.xml:119:17-81
274-->[androidx.work:work-runtime:2.7.1] AndroidManifest.xml:119:25-78
275            </intent-filter>
276        </receiver>
277        <receiver
277-->[androidx.work:work-runtime:2.7.1] AndroidManifest.xml:122:9-131:20
278            android:name="androidx.work.impl.background.systemalarm.ConstraintProxyUpdateReceiver"
278-->[androidx.work:work-runtime:2.7.1] AndroidManifest.xml:123:13-99
279            android:directBootAware="false"
279-->[androidx.work:work-runtime:2.7.1] AndroidManifest.xml:124:13-44
280            android:enabled="@bool/enable_system_alarm_service_default"
280-->[androidx.work:work-runtime:2.7.1] AndroidManifest.xml:125:13-72
281            android:exported="false" >
281-->[androidx.work:work-runtime:2.7.1] AndroidManifest.xml:126:13-37
282            <intent-filter>
282-->[androidx.work:work-runtime:2.7.1] AndroidManifest.xml:128:13-130:29
283                <action android:name="androidx.work.impl.background.systemalarm.UpdateProxies" />
283-->[androidx.work:work-runtime:2.7.1] AndroidManifest.xml:129:17-98
283-->[androidx.work:work-runtime:2.7.1] AndroidManifest.xml:129:25-95
284            </intent-filter>
285        </receiver>
286        <receiver
286-->[androidx.work:work-runtime:2.7.1] AndroidManifest.xml:132:9-142:20
287            android:name="androidx.work.impl.diagnostics.DiagnosticsReceiver"
287-->[androidx.work:work-runtime:2.7.1] AndroidManifest.xml:133:13-78
288            android:directBootAware="false"
288-->[androidx.work:work-runtime:2.7.1] AndroidManifest.xml:134:13-44
289            android:enabled="true"
289-->[androidx.work:work-runtime:2.7.1] AndroidManifest.xml:135:13-35
290            android:exported="true"
290-->[androidx.work:work-runtime:2.7.1] AndroidManifest.xml:136:13-36
291            android:permission="android.permission.DUMP" >
291-->[androidx.work:work-runtime:2.7.1] AndroidManifest.xml:137:13-57
292            <intent-filter>
292-->[androidx.work:work-runtime:2.7.1] AndroidManifest.xml:139:13-141:29
293                <action android:name="androidx.work.diagnostics.REQUEST_DIAGNOSTICS" />
293-->[androidx.work:work-runtime:2.7.1] AndroidManifest.xml:140:17-88
293-->[androidx.work:work-runtime:2.7.1] AndroidManifest.xml:140:25-85
294            </intent-filter>
295        </receiver>
296
297        <service
297-->[androidx.room:room-runtime:2.5.0] AndroidManifest.xml:24:9-28:63
298            android:name="androidx.room.MultiInstanceInvalidationService"
298-->[androidx.room:room-runtime:2.5.0] AndroidManifest.xml:25:13-74
299            android:directBootAware="true"
299-->[androidx.room:room-runtime:2.5.0] AndroidManifest.xml:26:13-43
300            android:exported="false" />
300-->[androidx.room:room-runtime:2.5.0] AndroidManifest.xml:27:13-37
301
302        <uses-library
302-->[androidx.window:window:1.0.0] AndroidManifest.xml:25:9-27:40
303            android:name="androidx.window.extensions"
303-->[androidx.window:window:1.0.0] AndroidManifest.xml:26:13-54
304            android:required="false" />
304-->[androidx.window:window:1.0.0] AndroidManifest.xml:27:13-37
305        <uses-library
305-->[androidx.window:window:1.0.0] AndroidManifest.xml:28:9-30:40
306            android:name="androidx.window.sidecar"
306-->[androidx.window:window:1.0.0] AndroidManifest.xml:29:13-51
307            android:required="false" /> <!-- 'android:authorities' must be unique in the device, across all apps -->
307-->[androidx.window:window:1.0.0] AndroidManifest.xml:30:13-37
308        <provider
308-->[io.sentry:sentry-android-core:3.1.0] AndroidManifest.xml:16:9-19:40
309            android:name="io.sentry.android.core.SentryInitProvider"